2021-02-20 23:50:34,445 INFO:Parking lot created, Total slots : 6
2021-02-20 23:50:34,445 INFO:Available slots : [1, 2, 3, 4, 5, 6]
2021-02-20 23:50:34,450 INFO:car KA-01-HH-1234 assigned to 1
2021-02-20 23:50:34,450 INFO:car PB-01-HH-1234 assigned to 2
2021-02-20 23:50:34,450 INFO:car PB-01-TG-2341 assigned to 3
2021-02-20 23:50:34,450 INFO:slot no 2 removed
2021-02-20 23:50:34,450 INFO:car HR-29-TG-3098 assigned to 2
2021-02-21 01:15:59,876 INFO:Parking lot created, Total slots : 6
2021-02-21 01:15:59,876 INFO:Available slots : [1, 2, 3, 4, 5, 6]
2021-02-21 01:15:59,876 INFO:Created parking of 6 slots
2021-02-21 01:15:59,876 ERROR:vehicle no should be a string
2021-02-21 01:15:59,876 ERROR:vehicle no should be a string
2021-02-21 01:15:59,876 ERROR:vehicle no should be a string
2021-02-21 01:20:22,351 INFO:Parking lot created, Total slots : 6
2021-02-21 01:20:22,351 INFO:Available slots : [1, 2, 3, 4, 5, 6]
2021-02-21 01:20:22,351 INFO:Created parking of 6 slots
2021-02-21 01:20:22,351 ERROR:vehicle no should be a string
2021-02-21 01:20:22,351 ERROR:vehicle no should be a string
2021-02-21 01:20:22,351 ERROR:vehicle no should be a string
2021-02-21 01:21:53,017 INFO:Parking lot created, Total slots : 6
2021-02-21 01:21:53,017 INFO:Available slots : [1, 2, 3, 4, 5, 6]
2021-02-21 01:21:53,017 INFO:Created parking of 6 slots
2021-02-21 01:21:53,019 ERROR:vehicle no should be a string
2021-02-21 01:21:53,019 ERROR:vehicle no should be a string
2021-02-21 01:21:53,020 ERROR:vehicle no should be a string
2021-02-21 01:22:26,965 INFO:Parking lot created, Total slots : 6
2021-02-21 01:22:26,967 INFO:Available slots : [1, 2, 3, 4, 5, 6]
2021-02-21 01:22:26,967 INFO:Created parking of 6 slots
2021-02-21 01:22:26,967 ERROR:vehicle no should be a string
2021-02-21 01:22:26,968 ERROR:vehicle no should be a string
2021-02-21 01:22:26,968 ERROR:vehicle no should be a string
2021-02-21 01:25:03,714 INFO:Parking lot created, Total slots : 6
2021-02-21 01:25:03,715 INFO:Available slots : [1, 2, 3, 4, 5, 6]
2021-02-21 01:25:03,715 INFO:Created parking of 6 slots
2021-02-21 01:25:10,409 ERROR:vehicle no should be a string
2021-02-21 01:25:12,547 ERROR:vehicle no should be a string
2021-02-21 01:25:16,589 ERROR:vehicle no should be a string
2021-02-21 01:26:34,425 INFO:Parking lot created, Total slots : 6
2021-02-21 01:26:34,426 INFO:Available slots : [1, 2, 3, 4, 5, 6]
2021-02-21 01:26:34,427 INFO:Created parking of 6 slots
2021-02-21 01:26:49,755 ERROR:vehicle no should be a string
2021-02-21 01:27:58,528 INFO:Parking lot created, Total slots : 6
2021-02-21 01:27:58,528 INFO:Available slots : [1, 2, 3, 4, 5, 6]
2021-02-21 01:27:58,529 INFO:Created parking of 6 slots
2021-02-21 01:28:02,190 ERROR:vehicle no should be a string
2021-02-21 01:28:03,057 ERROR:vehicle no should be a string
2021-02-21 01:28:04,924 ERROR:vehicle no should be a string
2021-02-21 01:28:26,750 INFO:Parking lot created, Total slots : 6
2021-02-21 01:28:26,751 INFO:Available slots : [1, 2, 3, 4, 5, 6]
2021-02-21 01:28:26,752 INFO:Created parking of 6 slots
2021-02-21 01:34:33,440 INFO:Parking lot created, Total slots : 6
2021-02-21 01:34:33,441 INFO:Available slots : [1, 2, 3, 4, 5, 6]
2021-02-21 01:34:33,441 INFO:Created parking of 6 slots
2021-02-21 01:34:33,441 ERROR:No Parking Lot created yet
2021-02-21 01:34:33,441 ERROR:No Parking Lot created yet
2021-02-21 01:34:33,441 ERROR:No Parking Lot created yet
2021-02-21 01:35:29,600 INFO:Parking lot created, Total slots : 6
2021-02-21 01:35:29,600 INFO:Available slots : [1, 2, 3, 4, 5, 6]
2021-02-21 01:35:29,600 INFO:Created parking of 6 slots
2021-02-21 01:35:29,600 ERROR:No Parking Lot created yet
2021-02-21 01:35:29,600 ERROR:No Parking Lot created yet
2021-02-21 01:35:29,601 ERROR:No Parking Lot created yet
2021-02-21 01:35:29,601 ERROR:No Parking Lot created yet
2021-02-21 01:35:29,601 ERROR:No Parking Lot created yet
2021-02-21 01:35:29,601 ERROR:No Parking Lot created yet
2021-02-21 01:35:29,601 ERROR:No Parking Lot created yet
2021-02-21 01:35:29,601 ERROR:No Parking Lot created yet
2021-02-21 01:36:05,629 INFO:Parking lot created, Total slots : 6
2021-02-21 01:36:05,630 INFO:Available slots : [1, 2, 3, 4, 5, 6]
2021-02-21 01:36:05,631 INFO:Created parking of 6 slots
2021-02-21 01:36:30,525 INFO:Parking lot created, Total slots : 6
2021-02-21 01:36:30,526 INFO:Available slots : [1, 2, 3, 4, 5, 6]
2021-02-21 01:36:30,527 INFO:Created parking of 6 slots
2021-02-21 01:37:48,025 INFO:Parking lot created, Total slots : 6
2021-02-21 01:37:48,025 INFO:Available slots : [1, 2, 3, 4, 5, 6]
2021-02-21 01:37:48,025 INFO:Created parking of 6 slots
2021-02-21 01:37:48,025 ERROR:vehicle no should be a string
2021-02-21 01:37:48,026 ERROR:vehicle no should be a string
2021-02-21 01:37:48,026 ERROR:vehicle no should be a string
2021-02-21 01:38:07,680 INFO:Parking lot created, Total slots : 6
2021-02-21 01:38:07,681 INFO:Available slots : [1, 2, 3, 4, 5, 6]
2021-02-21 01:38:07,682 INFO:Created parking of 6 slots
2021-02-21 01:38:34,120 INFO:Parking lot created, Total slots : 6
2021-02-21 01:38:34,120 INFO:Available slots : [1, 2, 3, 4, 5, 6]
2021-02-21 01:38:34,120 INFO:Created parking of 6 slots
2021-02-21 01:38:34,120 INFO:car KA-01-HH-1234 assigned to 1
2021-02-21 01:38:34,120 INFO:Car with Vehicle registration number KA-01-HH-1234 has been parked at slot number 1
2021-02-21 01:38:34,120 INFO:car PB-01-HH-1234 assigned to 2
2021-02-21 01:38:34,120 INFO:Car with Vehicle registration number PB-01-HH-1234 has been parked at slot number 2
2021-02-21 01:38:34,120 INFO:car PB-01-TG-2341 assigned to 3
2021-02-21 01:38:34,120 INFO:Car with Vehicle registration number PB-01-TG-2341 has been parked at slot number 3
2021-02-21 01:38:34,120 INFO:slot no 2 removed
2021-02-21 01:38:34,120 INFO:car HR-29-TG-3098 assigned to 2
2021-02-21 01:38:34,120 INFO:Car with Vehicle registration number HR-29-TG-3098 has been parked at slot number 2
2021-02-21 01:41:10,766 INFO:Parking lot created, Total slots : 6
2021-02-21 01:41:10,766 INFO:Available slots : [1, 2, 3, 4, 5, 6]
2021-02-21 01:41:10,767 INFO:Created parking of 6 slots
2021-02-21 01:41:10,767 INFO:car KA-01-HH-1234 assigned to 1
2021-02-21 01:41:10,767 INFO:Car with Vehicle registration number KA-01-HH-1234 has been parked at slot number 1
2021-02-21 01:41:10,767 INFO:car PB-01-HH-1234 assigned to 2
2021-02-21 01:41:10,767 INFO:Car with Vehicle registration number PB-01-HH-1234 has been parked at slot number 2
2021-02-21 01:41:10,767 INFO:car PB-01-TG-2341 assigned to 3
2021-02-21 01:41:10,767 INFO:Car with Vehicle registration number PB-01-TG-2341 has been parked at slot number 3
2021-02-21 01:41:10,767 INFO:slot no 2 removed
2021-02-21 01:41:10,767 INFO:car HR-29-TG-3098 assigned to 2
2021-02-21 01:41:10,767 INFO:Car with Vehicle registration number HR-29-TG-3098 has been parked at slot number 2
2021-02-21 01:41:44,736 INFO:Parking lot created, Total slots : 2
2021-02-21 01:41:44,736 INFO:Available slots : [1, 2]
2021-02-21 01:41:44,736 INFO:Created parking of 2 slots
2021-02-21 01:41:44,737 INFO:car KA-01-HH-1234 assigned to 1
2021-02-21 01:41:44,737 INFO:Car with Vehicle registration number KA-01-HH-1234 has been parked at slot number 1
2021-02-21 01:41:44,737 INFO:car PB-01-HH-1234 assigned to 2
2021-02-21 01:41:44,737 INFO:Car with Vehicle registration number PB-01-HH-1234 has been parked at slot number 2
2021-02-21 01:41:44,737 ERROR:All slots occupied. Please wait
2021-02-21 01:41:44,737 INFO:car PB-01-TG-2341 assigned to -1
2021-02-21 01:41:44,737 INFO:Car with Vehicle registration number PB-01-TG-2341 has been parked at slot number -1
2021-02-21 01:41:44,737 INFO:slot no 2 removed
2021-02-21 01:41:44,737 INFO:car HR-29-TG-3098 assigned to 2
2021-02-21 01:41:44,737 INFO:Car with Vehicle registration number HR-29-TG-3098 has been parked at slot number 2
2021-02-21 01:43:16,058 INFO:Parking lot created, Total slots : 2
2021-02-21 01:43:16,058 INFO:Available slots : [1, 2]
2021-02-21 01:43:16,058 INFO:Created parking of 2 slots
2021-02-21 01:43:16,058 INFO:car KA-01-HH-1234 assigned to 1
2021-02-21 01:43:16,058 INFO:Car with Vehicle registration number KA-01-HH-1234 has been parked at slot number 1
2021-02-21 01:43:16,058 INFO:car PB-01-HH-1234 assigned to 2
2021-02-21 01:43:16,058 INFO:Car with Vehicle registration number PB-01-HH-1234 has been parked at slot number 2
2021-02-21 01:43:16,058 ERROR:All slots occupied. Please wait
2021-02-21 01:43:16,058 ERROR:All slots are full
2021-02-21 01:43:16,058 INFO:slot no 2 removed
2021-02-21 01:43:16,058 INFO:car HR-29-TG-3098 assigned to 2
2021-02-21 01:43:16,058 INFO:Car with Vehicle registration number HR-29-TG-3098 has been parked at slot number 2
2021-02-21 01:44:26,630 INFO:Parking lot created, Total slots : 2
2021-02-21 01:44:26,631 INFO:Available slots : [1, 2]
2021-02-21 01:44:26,631 INFO:Created parking of 2 slots
2021-02-21 01:44:26,631 INFO:car KA-01-HH-1234 assigned to 1
2021-02-21 01:44:26,631 INFO:Car with Vehicle registration number KA-01-HH-1234 has been parked at slot number 1
2021-02-21 01:44:26,632 INFO:car PB-01-HH-1234 assigned to 2
2021-02-21 01:44:26,632 INFO:Car with Vehicle registration number PB-01-HH-1234 has been parked at slot number 2
2021-02-21 01:44:26,632 ERROR:All slots occupied. Please wait
2021-02-21 01:44:26,632 ERROR:Car with Vehicle registration number PB-01-TG-2341 has been parked, as all slots are full
2021-02-21 01:44:26,632 INFO:slot no 2 removed
2021-02-21 01:44:26,632 INFO:car HR-29-TG-3098 assigned to 2
2021-02-21 01:44:26,632 INFO:Car with Vehicle registration number HR-29-TG-3098 has been parked at slot number 2
2021-02-21 01:44:43,276 INFO:Parking lot created, Total slots : 2
2021-02-21 01:44:43,276 INFO:Available slots : [1, 2]
2021-02-21 01:44:43,276 INFO:Created parking of 2 slots
2021-02-21 01:44:43,276 INFO:car KA-01-HH-1234 assigned to 1
2021-02-21 01:44:43,276 INFO:Car with Vehicle registration number KA-01-HH-1234 has been parked at slot number 1
2021-02-21 01:44:43,276 INFO:car PB-01-HH-1234 assigned to 2
2021-02-21 01:44:43,276 INFO:Car with Vehicle registration number PB-01-HH-1234 has been parked at slot number 2
2021-02-21 01:44:43,276 ERROR:All slots occupied. Please wait
2021-02-21 01:44:43,277 ERROR:Car with Vehicle registration number PB-01-TG-2341 cannot be parked, as all slots are full
2021-02-21 01:44:43,277 INFO:slot no 2 removed
2021-02-21 01:44:43,277 INFO:car HR-29-TG-3098 assigned to 2
2021-02-21 01:44:43,277 INFO:Car with Vehicle registration number HR-29-TG-3098 has been parked at slot number 2
2021-02-21 01:48:10,951 INFO:Parking lot created, Total slots : 2
2021-02-21 01:48:10,951 INFO:Available slots : [1, 2]
2021-02-21 01:48:10,951 INFO:Created parking of 2 slots
2021-02-21 01:48:10,951 ERROR:Parking Lot has already been created yet
2021-02-21 01:48:10,951 INFO:car KA-01-HH-1234 assigned to 1
2021-02-21 01:48:10,951 INFO:Car with Vehicle registration number KA-01-HH-1234 has been parked at slot number 1
2021-02-21 01:48:10,951 INFO:car PB-01-HH-1234 assigned to 2
2021-02-21 01:48:10,951 INFO:Car with Vehicle registration number PB-01-HH-1234 has been parked at slot number 2
2021-02-21 01:48:10,951 ERROR:All slots occupied. Please wait
2021-02-21 01:48:10,951 ERROR:Car with Vehicle registration number PB-01-TG-2341 cannot be parked, as all slots are full
2021-02-21 01:48:10,951 INFO:slot no 2 removed
2021-02-21 01:48:10,951 INFO:car HR-29-TG-3098 assigned to 2
2021-02-21 01:48:10,951 INFO:Car with Vehicle registration number HR-29-TG-3098 has been parked at slot number 2
2021-02-21 01:49:11,564 INFO:Parking lot created, Total slots : 2
2021-02-21 01:49:11,564 INFO:Available slots : [1, 2]
2021-02-21 01:49:11,564 INFO:Created parking of 2 slots
2021-02-21 01:49:11,564 ERROR:Parking Lot has already been created yet
2021-02-21 01:49:11,564 INFO:car KA-01-HH-1234 assigned to 1
2021-02-21 01:49:11,564 INFO:Car with Vehicle registration number KA-01-HH-1234 has been parked at slot number 1
2021-02-21 01:49:11,564 INFO:car PB-01-HH-1234 assigned to 2
2021-02-21 01:49:11,564 INFO:Car with Vehicle registration number PB-01-HH-1234 has been parked at slot number 2
2021-02-21 01:49:11,564 ERROR:All slots occupied. Please wait
2021-02-21 01:49:11,564 ERROR:Car with Vehicle registration number PB-01-TG-2341 cannot be parked, as all slots are full
2021-02-21 01:49:11,564 INFO:slot no 2 removed
2021-02-21 01:49:11,564 INFO:car HR-29-TG-3098 assigned to 2
2021-02-21 01:49:11,564 INFO:Car with Vehicle registration number HR-29-TG-3098 has been parked at slot number 2
2021-02-21 01:49:24,439 INFO:Parking lot created, Total slots : 2
2021-02-21 01:49:24,439 INFO:Available slots : [1, 2]
2021-02-21 01:49:24,440 INFO:Created parking of 2 slots
2021-02-21 01:49:24,440 ERROR:Parking Lot has already been created
2021-02-21 01:49:24,440 INFO:car KA-01-HH-1234 assigned to 1
2021-02-21 01:49:24,440 INFO:Car with Vehicle registration number KA-01-HH-1234 has been parked at slot number 1
2021-02-21 01:49:24,440 INFO:car PB-01-HH-1234 assigned to 2
2021-02-21 01:49:24,441 INFO:Car with Vehicle registration number PB-01-HH-1234 has been parked at slot number 2
2021-02-21 01:49:24,441 ERROR:All slots occupied. Please wait
2021-02-21 01:49:24,441 ERROR:Car with Vehicle registration number PB-01-TG-2341 cannot be parked, as all slots are full
2021-02-21 01:49:24,441 INFO:slot no 2 removed
2021-02-21 01:49:24,441 INFO:car HR-29-TG-3098 assigned to 2
2021-02-21 01:49:24,441 INFO:Car with Vehicle registration number HR-29-TG-3098 has been parked at slot number 2
2021-02-21 01:49:54,025 INFO:Parking lot created, Total slots : 2
2021-02-21 01:49:54,025 INFO:Available slots : [1, 2]
2021-02-21 01:49:54,025 INFO:Created parking of 2 slots
2021-02-21 01:56:24,319 INFO:Parking lot created, Total slots : 2
2021-02-21 01:56:24,319 INFO:Available slots : [1, 2]
2021-02-21 01:56:24,319 INFO:Created parking of 2 slots
2021-02-21 01:56:58,062 INFO:Parking lot created, Total slots : 2
2021-02-21 01:56:58,063 INFO:Available slots : [1, 2]
2021-02-21 01:56:58,064 INFO:Created parking of 2 slots
2021-02-21 02:02:38,714 INFO:Parking lot created, Total slots : 2
2021-02-21 02:02:38,715 INFO:Available slots : [1, 2]
2021-02-21 02:02:38,715 INFO:Created parking of 2 slots
2021-02-21 02:02:49,987 INFO:Parking lot created, Total slots : 2
2021-02-21 02:02:49,989 INFO:Available slots : [1, 2]
2021-02-21 02:02:49,989 INFO:Created parking of 2 slots
2021-02-21 02:03:13,210 INFO:Parking lot created, Total slots : 2
2021-02-21 02:03:13,210 INFO:Available slots : [1, 2]
2021-02-21 02:03:13,210 INFO:Created parking of 2 slots
2021-02-21 02:03:34,320 INFO:Parking lot created, Total slots : 2
2021-02-21 02:03:34,321 INFO:Available slots : [1, 2]
2021-02-21 02:03:34,321 INFO:Created parking of 2 slots
2021-02-21 02:04:07,158 INFO:Parking lot created, Total slots : 2
2021-02-21 02:04:07,159 INFO:Available slots : [1, 2]
2021-02-21 02:04:07,159 INFO:Created parking of 2 slots
2021-02-21 02:04:19,049 INFO:Parking lot created, Total slots : 2
2021-02-21 02:04:19,050 INFO:Available slots : [1, 2]
2021-02-21 02:04:19,050 INFO:Created parking of 2 slots
2021-02-21 02:06:49,828 INFO:Parking lot created, Total slots : 2
2021-02-21 02:06:49,828 INFO:Available slots : [1, 2]
2021-02-21 02:06:49,829 INFO:Created parking of 2 slots
2021-02-21 02:06:49,829 ERROR:no vehicle is assigned to slot : 2
2021-02-21 02:06:49,829 ERROR:no vehicle is assigned to slot : 2
2021-02-21 02:07:23,101 INFO:Parking lot created, Total slots : 2
2021-02-21 02:07:23,102 INFO:Available slots : [1, 2]
2021-02-21 02:07:23,102 INFO:Created parking of 2 slots
2021-02-21 02:07:28,962 ERROR:no vehicle is assigned to slot : 2
2021-02-21 02:07:43,994 ERROR:no vehicle is assigned to slot : 2
2021-02-21 02:07:57,081 INFO:Parking lot created, Total slots : 2
2021-02-21 02:07:57,082 INFO:Available slots : [1, 2]
2021-02-21 02:07:57,082 INFO:Created parking of 2 slots
2021-02-21 02:07:57,082 ERROR:no vehicle is assigned to slot : 2
2021-02-21 02:07:57,082 INFO:car KA-01-HH-1234 assigned to 1
2021-02-21 02:07:57,082 INFO:Car with Vehicle registration number KA-01-HH-1234 has been parked at slot number 1
2021-02-21 02:07:57,082 INFO:car PB-01-HH-1234 assigned to 2
2021-02-21 02:07:57,083 INFO:Car with Vehicle registration number PB-01-HH-1234 has been parked at slot number 2
2021-02-21 02:07:57,083 ERROR:All slots occupied. Please wait
2021-02-21 02:07:57,083 ERROR:Car with Vehicle registration number PB-01-TG-2341 cannot be parked, as all slots are full
2021-02-21 02:07:57,083 INFO:slot no 2 removed
2021-02-21 02:07:57,083 INFO:car HR-29-TG-3098 assigned to 2
2021-02-21 02:07:57,083 INFO:Car with Vehicle registration number HR-29-TG-3098 has been parked at slot number 2
2021-02-21 02:10:53,781 INFO:Parking lot created, Total slots : 2
2021-02-21 02:10:53,781 INFO:Available slots : [1, 2]
2021-02-21 02:10:53,781 INFO:Created parking of 2 slots
2021-02-21 02:10:53,782 ERROR:no vehicle is assigned to slot : 2
2021-02-21 02:10:53,782 INFO:car KA-01-HH-1234 assigned to 1
2021-02-21 02:10:53,782 INFO:Car with Vehicle registration number KA-01-HH-1234 has been parked at slot number 1
2021-02-21 02:10:53,782 INFO:car KA-01-HH-1234 assigned to 2
2021-02-21 02:10:53,782 INFO:Car with Vehicle registration number KA-01-HH-1234 has been parked at slot number 2
2021-02-21 02:10:53,782 ERROR:All slots occupied. Please wait
2021-02-21 02:10:53,782 ERROR:Car with Vehicle registration number PB-01-HH-1234 cannot be parked, as all slots are full
2021-02-21 02:10:53,782 ERROR:All slots occupied. Please wait
2021-02-21 02:10:53,782 ERROR:Car with Vehicle registration number PB-01-TG-2341 cannot be parked, as all slots are full
2021-02-21 02:11:19,715 INFO:Parking lot created, Total slots : 2
2021-02-21 02:11:19,716 INFO:Available slots : [1, 2]
2021-02-21 02:11:19,716 INFO:Created parking of 2 slots
2021-02-21 02:11:29,126 ERROR:no vehicle is assigned to slot : 2
2021-02-21 02:11:39,101 INFO:car KA-01-HH-1234 assigned to 1
2021-02-21 02:11:39,101 INFO:Car with Vehicle registration number KA-01-HH-1234 has been parked at slot number 1
2021-02-21 02:16:24,693 INFO:Parking lot created, Total slots : 2
2021-02-21 02:16:24,693 INFO:Available slots : [1, 2]
2021-02-21 02:16:24,693 INFO:Created parking of 2 slots
2021-02-21 02:16:24,693 ERROR:no vehicle is assigned to slot : 2
2021-02-21 02:16:24,693 INFO:car KA-01-HH-1234 assigned to 1
2021-02-21 02:16:24,693 INFO:Car with Vehicle registration number KA-01-HH-1234 has been parked at slot number 1
2021-02-21 02:16:24,693 ERROR:Vehicle KA-01-HH-1234 already present in the parking lot
2021-02-21 02:16:24,693 INFO:car PB-01-HH-1234 assigned to 2
2021-02-21 02:16:24,693 INFO:Car with Vehicle registration number PB-01-HH-1234 has been parked at slot number 2
2021-02-21 02:16:24,693 ERROR:All slots occupied. Please wait
2021-02-21 02:16:24,693 ERROR:Car with Vehicle registration number PB-01-TG-2341 cannot be parked, as all slots are full
2021-02-21 02:16:24,693 INFO:slot no 2 removed
2021-02-21 02:16:24,693 INFO:Slot number 2 vacated, the car with vehicle registration number PB-01-HH-1234 left the place,the driver of the car was of the age 21
2021-02-21 02:16:24,693 INFO:car HR-29-TG-3098 assigned to 2
2021-02-21 02:16:24,693 INFO:Car with Vehicle registration number HR-29-TG-3098 has been parked at slot number 2
2021-02-21 02:17:11,776 INFO:Parking lot created, Total slots : 2
2021-02-21 02:17:11,776 INFO:Available slots : [1, 2]
2021-02-21 02:17:11,776 INFO:Created parking of 2 slots
2021-02-21 02:17:11,776 ERROR:no vehicle is assigned to slot : 2
2021-02-21 02:17:11,776 INFO:car KA-01-HH-1234 assigned to 1
2021-02-21 02:17:11,776 INFO:Car with Vehicle registration number KA-01-HH-1234 has been parked at slot number 1
2021-02-21 02:17:11,776 ERROR:Vehicle KA-01-HH-1234 already present in the parking lot
2021-02-21 02:17:11,776 INFO:car PB-01-HH-1234 assigned to 2
2021-02-21 02:17:11,776 INFO:Car with Vehicle registration number PB-01-HH-1234 has been parked at slot number 2
2021-02-21 02:17:11,776 ERROR:All slots occupied. Please wait
2021-02-21 02:17:11,776 ERROR:Car with Vehicle registration number PB-01-TG-2341 cannot be parked, as all slots are full
2021-02-21 02:17:11,776 INFO:slot no 2 removed
2021-02-21 02:17:11,776 INFO:Slot number 2 vacated, the car with vehicle registration number PB-01-HH-1234 left the place,the driver of the car was of the age 21
2021-02-21 02:17:11,776 INFO:car HR-29-TG-3098 assigned to 2
2021-02-21 02:17:11,776 INFO:Car with Vehicle registration number HR-29-TG-3098 has been parked at slot number 2
2021-02-21 02:17:37,561 INFO:Parking lot created, Total slots : 2
2021-02-21 02:17:37,561 INFO:Available slots : [1, 2]
2021-02-21 02:17:37,561 INFO:Created parking of 2 slots
2021-02-21 02:17:37,561 ERROR:no vehicle is assigned to slot : 2
2021-02-21 02:17:37,561 INFO:car KA-01-HH-1234 assigned to 1
2021-02-21 02:17:37,561 INFO:Car with Vehicle registration number KA-01-HH-1234 has been parked at slot number 1
2021-02-21 02:17:37,561 ERROR:Vehicle KA-01-HH-1234 already present in the parking lot
2021-02-21 02:17:37,561 INFO:car PB-01-HH-1234 assigned to 2
2021-02-21 02:17:37,561 INFO:Car with Vehicle registration number PB-01-HH-1234 has been parked at slot number 2
2021-02-21 02:17:37,561 ERROR:All slots occupied. Please wait
2021-02-21 02:17:37,561 ERROR:Car with Vehicle registration number PB-01-TG-2341 cannot be parked, as all slots are full
2021-02-21 02:17:37,561 INFO:slot no 2 removed
2021-02-21 02:17:37,569 INFO:Slot number 2 vacated, the car with vehicle registration number PB-01-HH-1234 left the place,the driver of the car was of the age 21
2021-02-21 02:17:37,569 INFO:car HR-29-TG-3098 assigned to 2
2021-02-21 02:17:37,569 INFO:Car with Vehicle registration number HR-29-TG-3098 has been parked at slot number 2
2021-02-21 02:18:38,632 INFO:Parking lot created, Total slots : 2
2021-02-21 02:18:38,632 INFO:Available slots : [1, 2]
2021-02-21 02:18:38,632 INFO:Created parking of 2 slots
2021-02-21 02:18:38,632 ERROR:no vehicle is assigned to slot : 2
2021-02-21 02:18:38,632 INFO:car KA-01-HH-1234 assigned to 1
2021-02-21 02:18:38,632 INFO:Car with Vehicle registration number KA-01-HH-1234 has been parked at slot number 1
2021-02-21 02:18:38,632 INFO:car KA-01-HH-1235 assigned to 2
2021-02-21 02:18:38,632 INFO:Car with Vehicle registration number KA-01-HH-1235 has been parked at slot number 2
2021-02-21 02:18:38,632 ERROR:All slots occupied. Please wait
2021-02-21 02:18:38,632 ERROR:Car with Vehicle registration number PB-01-HH-1236 cannot be parked, as all slots are full
2021-02-21 02:18:38,632 ERROR:All slots occupied. Please wait
2021-02-21 02:18:38,632 ERROR:Car with Vehicle registration number PB-01-TG-2341 cannot be parked, as all slots are full
2021-02-21 02:24:22,529 INFO:Parking lot created, Total slots : 2
2021-02-21 02:24:22,529 INFO:Available slots : [1, 2]
2021-02-21 02:24:22,529 INFO:Created parking of 2 slots
2021-02-21 02:24:22,529 ERROR:no vehicle is assigned to slot : 2
2021-02-21 02:24:22,529 INFO:car KA-01-HH-1234 assigned to 1
2021-02-21 02:24:22,529 INFO:Car with Vehicle registration number KA-01-HH-1234 has been parked at slot number 1
2021-02-21 02:24:22,537 INFO:car KA-01-HH-1235 assigned to 2
2021-02-21 02:24:22,537 INFO:Car with Vehicle registration number KA-01-HH-1235 has been parked at slot number 2
2021-02-21 02:24:22,537 ERROR:All slots occupied. Please wait
2021-02-21 02:24:22,537 ERROR:Car with Vehicle registration number PB-01-HH-1236 cannot be parked, as all slots are full
2021-02-21 02:24:22,537 ERROR:All slots occupied. Please wait
2021-02-21 02:24:22,537 ERROR:Car with Vehicle registration number PB-01-TG-2341 cannot be parked, as all slots are full
2021-02-21 02:24:22,538 ERROR:Vehicle PB-01-HH-1234 not present in parking lot
2021-02-21 02:24:22,538 INFO:slot no 2 removed
2021-02-21 02:24:22,538 INFO:Slot number 2 vacated, the car with vehicle registration number KA-01-HH-1235 left the place,the driver of the car was of the age 21
2021-02-21 02:24:22,538 INFO:car HR-29-TG-3098 assigned to 2
2021-02-21 02:24:22,538 INFO:Car with Vehicle registration number HR-29-TG-3098 has been parked at slot number 2
2021-02-21 02:24:32,932 INFO:Parking lot created, Total slots : 2
2021-02-21 02:24:32,932 INFO:Available slots : [1, 2]
2021-02-21 02:24:32,932 INFO:Created parking of 2 slots
2021-02-21 02:24:32,932 ERROR:no vehicle is assigned to slot : 2
2021-02-21 02:24:32,932 INFO:car KA-01-HH-1234 assigned to 1
2021-02-21 02:24:32,932 INFO:Car with Vehicle registration number KA-01-HH-1234 has been parked at slot number 1
2021-02-21 02:24:32,932 INFO:car KA-01-HH-1235 assigned to 2
2021-02-21 02:24:32,932 INFO:Car with Vehicle registration number KA-01-HH-1235 has been parked at slot number 2
2021-02-21 02:24:32,940 ERROR:All slots occupied. Please wait
2021-02-21 02:24:32,940 ERROR:Car with Vehicle registration number PB-01-HH-1236 cannot be parked, as all slots are full
2021-02-21 02:24:32,940 ERROR:All slots occupied. Please wait
2021-02-21 02:24:32,940 ERROR:Car with Vehicle registration number PB-01-TG-2341 cannot be parked, as all slots are full
2021-02-21 02:24:32,940 ERROR:Vehicle PB-01-HH-1234 not present in parking lot
2021-02-21 02:24:32,940 INFO:slot no 2 removed
2021-02-21 02:24:32,940 INFO:Slot number 2 vacated, the car with vehicle registration number KA-01-HH-1235 left the place,the driver of the car was of the age 21
2021-02-21 02:24:32,940 INFO:car HR-29-TG-3098 assigned to 2
2021-02-21 02:24:32,940 INFO:Car with Vehicle registration number HR-29-TG-3098 has been parked at slot number 2
2021-02-21 02:25:21,004 INFO:Parking lot created, Total slots : 2
2021-02-21 02:25:21,004 INFO:Available slots : [1, 2]
2021-02-21 02:25:21,004 INFO:Created parking of 2 slots
2021-02-21 02:25:21,004 ERROR:no vehicle is assigned to slot : 2
2021-02-21 02:25:21,004 INFO:car KA-01-HH-1234 assigned to 1
2021-02-21 02:25:21,004 INFO:Car with Vehicle registration number KA-01-HH-1234 has been parked at slot number 1
2021-02-21 02:25:21,004 INFO:car KA-01-HH-1235 assigned to 2
2021-02-21 02:25:21,004 INFO:Car with Vehicle registration number KA-01-HH-1235 has been parked at slot number 2
2021-02-21 02:25:21,004 ERROR:All slots occupied. Please wait
2021-02-21 02:25:21,004 ERROR:Car with Vehicle registration number PB-01-HH-1236 cannot be parked, as all slots are full
2021-02-21 02:25:21,004 ERROR:No vehicle is parked with driver age 22
2021-02-21 02:25:21,004 ERROR:All slots occupied. Please wait
2021-02-21 02:25:21,004 ERROR:Car with Vehicle registration number PB-01-TG-2341 cannot be parked, as all slots are full
2021-02-21 02:25:21,004 ERROR:Vehicle PB-01-HH-1234 not present in parking lot
2021-02-21 02:25:21,004 INFO:slot no 2 removed
2021-02-21 02:25:21,004 INFO:Slot number 2 vacated, the car with vehicle registration number KA-01-HH-1235 left the place,the driver of the car was of the age 21
2021-02-21 02:25:21,004 INFO:car HR-29-TG-3098 assigned to 2
2021-02-21 02:25:21,004 INFO:Car with Vehicle registration number HR-29-TG-3098 has been parked at slot number 2
2021-02-21 02:26:01,644 INFO:Parking lot created, Total slots : 2
2021-02-21 02:26:01,644 INFO:Available slots : [1, 2]
2021-02-21 02:26:01,644 INFO:Created parking of 2 slots
2021-02-21 02:26:01,644 ERROR:no vehicle is assigned to slot : 1
2021-02-21 02:26:01,644 INFO:car KA-01-HH-1234 assigned to 1
2021-02-21 02:26:01,644 INFO:Car with Vehicle registration number KA-01-HH-1234 has been parked at slot number 1
2021-02-21 02:26:01,649 INFO:car KA-01-HH-1235 assigned to 2
2021-02-21 02:26:01,649 INFO:Car with Vehicle registration number KA-01-HH-1235 has been parked at slot number 2
2021-02-21 02:26:01,649 ERROR:All slots occupied. Please wait
2021-02-21 02:26:01,649 ERROR:Car with Vehicle registration number PB-01-HH-1236 cannot be parked, as all slots are full
2021-02-21 02:26:01,649 ERROR:No vehicle is parked with driver age 22
2021-02-21 02:26:01,650 ERROR:All slots occupied. Please wait
2021-02-21 02:26:01,650 ERROR:Car with Vehicle registration number PB-01-TG-2341 cannot be parked, as all slots are full
2021-02-21 02:26:01,650 ERROR:Vehicle PB-01-HH-1234 not present in parking lot
2021-02-21 02:26:01,650 INFO:slot no 2 removed
2021-02-21 02:26:01,650 INFO:Slot number 2 vacated, the car with vehicle registration number KA-01-HH-1235 left the place,the driver of the car was of the age 21
2021-02-21 02:26:01,651 INFO:car HR-29-TG-3098 assigned to 2
2021-02-21 02:26:01,651 INFO:Car with Vehicle registration number HR-29-TG-3098 has been parked at slot number 2
2021-02-21 02:26:13,331 INFO:Parking lot created, Total slots : 2
2021-02-21 02:26:13,332 INFO:Available slots : [1, 2]
2021-02-21 02:26:13,332 INFO:Created parking of 2 slots
2021-02-21 02:26:13,332 ERROR:slot no 3 not in Parking lot capacity
2021-02-21 02:26:13,332 INFO:car KA-01-HH-1234 assigned to 1
2021-02-21 02:26:13,333 INFO:Car with Vehicle registration number KA-01-HH-1234 has been parked at slot number 1
2021-02-21 02:26:13,333 INFO:car KA-01-HH-1235 assigned to 2
2021-02-21 02:26:13,333 INFO:Car with Vehicle registration number KA-01-HH-1235 has been parked at slot number 2
2021-02-21 02:26:13,333 ERROR:All slots occupied. Please wait
2021-02-21 02:26:13,333 ERROR:Car with Vehicle registration number PB-01-HH-1236 cannot be parked, as all slots are full
2021-02-21 02:26:13,333 ERROR:No vehicle is parked with driver age 22
2021-02-21 02:26:13,333 ERROR:All slots occupied. Please wait
2021-02-21 02:26:13,333 ERROR:Car with Vehicle registration number PB-01-TG-2341 cannot be parked, as all slots are full
2021-02-21 02:26:13,333 ERROR:Vehicle PB-01-HH-1234 not present in parking lot
2021-02-21 02:26:13,333 INFO:slot no 2 removed
2021-02-21 02:26:13,333 INFO:Slot number 2 vacated, the car with vehicle registration number KA-01-HH-1235 left the place,the driver of the car was of the age 21
2021-02-21 02:26:13,333 INFO:car HR-29-TG-3098 assigned to 2
2021-02-21 02:26:13,333 INFO:Car with Vehicle registration number HR-29-TG-3098 has been parked at slot number 2
2021-02-21 02:27:00,283 INFO:Parking lot created, Total slots : 2
2021-02-21 02:27:00,283 INFO:Available slots : [1, 2]
2021-02-21 02:27:00,283 INFO:Created parking of 2 slots
2021-02-21 02:27:00,283 ERROR:slot no 4 not in Parking lot capacity
2021-02-21 02:27:00,283 INFO:car KA-01-HH-1234 assigned to 1
2021-02-21 02:27:00,283 INFO:Car with Vehicle registration number KA-01-HH-1234 has been parked at slot number 1
2021-02-21 02:27:00,283 INFO:car KA-01-HH-1235 assigned to 2
2021-02-21 02:27:00,283 INFO:Car with Vehicle registration number KA-01-HH-1235 has been parked at slot number 2
2021-02-21 02:27:00,283 ERROR:All slots occupied. Please wait
2021-02-21 02:27:00,283 ERROR:Car with Vehicle registration number PB-01-HH-1236 cannot be parked, as all slots are full
2021-02-21 02:27:00,283 ERROR:No vehicle is parked with driver age 22
2021-02-21 02:27:00,283 ERROR:All slots occupied. Please wait
2021-02-21 02:27:00,283 ERROR:Car with Vehicle registration number PB-01-TG-2341 cannot be parked, as all slots are full
2021-02-21 02:27:00,283 ERROR:Vehicle PB-01-HH-1234 not present in parking lot
2021-02-21 02:27:00,283 INFO:slot no 2 removed
2021-02-21 02:27:00,283 INFO:Slot number 2 vacated, the car with vehicle registration number KA-01-HH-1235 left the place,the driver of the car was of the age 21
2021-02-21 02:27:00,283 INFO:car HR-29-TG-3098 assigned to 2
2021-02-21 02:27:00,283 INFO:Car with Vehicle registration number HR-29-TG-3098 has been parked at slot number 2
2021-02-21 02:28:15,254 INFO:Parking lot created, Total slots : 2
2021-02-21 02:28:15,254 INFO:Available slots : [1, 2]
2021-02-21 02:28:15,254 INFO:Created parking of 2 slots
2021-02-21 02:28:30,311 INFO:Parking lot created, Total slots : 2
2021-02-21 02:28:30,312 INFO:Available slots : [1, 2]
2021-02-21 02:28:30,312 INFO:Created parking of 2 slots
2021-02-21 02:28:30,312 ERROR:slot no 4 not in Parking lot capacity
2021-02-21 02:28:30,313 INFO:car KA-01-HH-1234 assigned to 1
2021-02-21 02:28:30,313 INFO:Car with Vehicle registration number KA-01-HH-1234 has been parked at slot number 1
2021-02-21 02:28:30,313 INFO:car KA-01-HH-1235 assigned to 2
2021-02-21 02:28:30,313 INFO:Car with Vehicle registration number KA-01-HH-1235 has been parked at slot number 2
2021-02-21 02:28:30,313 ERROR:All slots occupied. Please wait
2021-02-21 02:28:30,314 ERROR:Car with Vehicle registration number PB-01-HH-1236 cannot be parked, as all slots are full
2021-02-21 02:28:30,314 ERROR:No vehicle is parked with driver age 22
2021-02-21 02:28:30,314 ERROR:All slots occupied. Please wait
2021-02-21 02:28:30,314 ERROR:Car with Vehicle registration number PB-01-TG-2341 cannot be parked, as all slots are full
2021-02-21 02:28:30,315 ERROR:Vehicle PB-01-HH-1234 not present in parking lot
2021-02-21 02:28:30,315 INFO:slot no 2 removed
2021-02-21 02:28:30,315 INFO:Slot number 2 vacated, the car with vehicle registration number KA-01-HH-1235 left the place,the driver of the car was of the age 21
2021-02-21 02:28:30,316 INFO:car HR-29-TG-3098 assigned to 2
2021-02-21 02:28:30,316 INFO:Car with Vehicle registration number HR-29-TG-3098 has been parked at slot number 2
2021-02-21 11:46:06,744 INFO:Parking lot created, Total slots : 2
2021-02-21 11:46:06,744 INFO:Available slots : [1, 2]
2021-02-21 11:46:06,744 INFO:Created parking of 2 slots
2021-02-21 11:46:06,744 ERROR:slot no 4 not in Parking lot capacity
2021-02-21 11:46:06,744 INFO:car KA-01-HH-1234 assigned to 1
2021-02-21 11:46:06,744 INFO:Car with Vehicle registration number KA-01-HH-1234 has been parked at slot number 1
2021-02-21 11:46:06,744 INFO:car KA-01-HH-1235 assigned to 2
2021-02-21 11:46:06,744 INFO:Car with Vehicle registration number KA-01-HH-1235 has been parked at slot number 2
2021-02-21 11:46:06,744 ERROR:All slots occupied. Please wait
2021-02-21 11:46:06,744 ERROR:Car with Vehicle registration number PB-01-HH-1236 cannot be parked, as all slots are full
2021-02-21 11:46:06,744 ERROR:No vehicle is parked with driver age 22
2021-02-21 11:46:06,744 ERROR:All slots occupied. Please wait
2021-02-21 11:46:06,744 ERROR:Car with Vehicle registration number PB-01-TG-2341 cannot be parked, as all slots are full
2021-02-21 11:46:06,744 ERROR:Vehicle PB-01-HH-1234 not present in parking lot
2021-02-21 11:46:06,744 INFO:slot no 2 removed
2021-02-21 11:46:06,744 INFO:Slot number 2 vacated, the car with vehicle registration number KA-01-HH-1235 left the place,the driver of the car was of the age 21
2021-02-21 11:46:06,744 INFO:car HR-29-TG-3098 assigned to 2
2021-02-21 11:46:06,744 INFO:Car with Vehicle registration number HR-29-TG-3098 has been parked at slot number 2
2021-02-21 11:49:18,351 INFO:Parking lot created, Total slots : 2
2021-02-21 11:49:18,351 INFO:Available slots : [1, 2]
2021-02-21 11:49:18,351 INFO:Created parking of 2 slots
2021-02-21 11:49:18,351 ERROR:slot no 4 not in Parking lot capacity
2021-02-21 11:49:18,351 INFO:car KA-01-HH-1234 assigned to 1
2021-02-21 11:49:18,351 INFO:Car with Vehicle registration number KA-01-HH-1234 has been parked at slot number 1
2021-02-21 11:49:18,351 INFO:car KA-01-HH-1235 assigned to 2
2021-02-21 11:49:18,351 INFO:Car with Vehicle registration number KA-01-HH-1235 has been parked at slot number 2
2021-02-21 11:49:18,351 ERROR:All slots occupied. Please wait
2021-02-21 11:49:18,351 ERROR:Car with Vehicle registration number PB-01-HH-1236 cannot be parked, as all slots are full
2021-02-21 11:49:18,351 ERROR:No vehicle is parked with driver age 22
2021-02-21 11:49:18,351 ERROR:All slots occupied. Please wait
2021-02-21 11:49:18,351 ERROR:Car with Vehicle registration number PB-01-TG-2341 cannot be parked, as all slots are full
2021-02-21 11:49:18,351 ERROR:Vehicle PB-01-HH-1234 not present in parking lot
2021-02-21 11:49:18,351 INFO:slot no 2 removed
2021-02-21 11:49:18,351 INFO:Slot number 2 vacated, the car with vehicle registration number KA-01-HH-1235 left the place,the driver of the car was of the age 21
2021-02-21 11:49:18,351 INFO:car HR-29-TG-3098 assigned to 2
2021-02-21 11:49:18,351 INFO:Car with Vehicle registration number HR-29-TG-3098 has been parked at slot number 2
